0 info it worked if it ends with ok
1 verbose cli [ '/usr/bin/nodejs', '/usr/bin/npm', 'shrinkwrap' ]
2 info using npm@2.14.20
3 info using node@v4.4.1
4 verbose stack Error: Problems were encountered
4 verbose stack Please correct and try again.
4 verbose stack extraneous: imagemagick@0.1.3 /home/arunsahani/Arun/Official/projects/learnanything/node_modules/imagemagick
4 verbose stack     at shrinkwrap_ (/usr/lib/node_modules/npm/lib/shrinkwrap.js:37:15)
4 verbose stack     at /usr/lib/node_modules/npm/lib/shrinkwrap.js:31:5
4 verbose stack     at /usr/lib/node_modules/npm/lib/ls.js:47:30
4 verbose stack     at /usr/lib/node_modules/npm/node_modules/read-installed/read-installed.js:142:5
4 verbose stack     at /usr/lib/node_modules/npm/node_modules/read-installed/read-installed.js:263:14
4 verbose stack     at cb (/usr/lib/node_modules/npm/node_modules/slide/lib/async-map.js:47:24)
4 verbose stack     at /usr/lib/node_modules/npm/node_modules/read-installed/read-installed.js:263:14
4 verbose stack     at cb (/usr/lib/node_modules/npm/node_modules/slide/lib/async-map.js:47:24)
4 verbose stack     at /usr/lib/node_modules/npm/node_modules/read-installed/read-installed.js:263:14
4 verbose stack     at cb (/usr/lib/node_modules/npm/node_modules/slide/lib/async-map.js:47:24)
5 verbose cwd /home/arunsahani/Arun/Official/projects/learnanything
6 error Linux 3.13.0-24-generic
7 error argv "/usr/bin/nodejs" "/usr/bin/npm" "shrinkwrap"
8 error node v4.4.1
9 error npm  v2.14.20
10 error Problems were encountered
10 error Please correct and try again.
10 error extraneous: imagemagick@0.1.3 /home/arunsahani/Arun/Official/projects/learnanything/node_modules/imagemagick
11 error If you need help, you may report this error at:
11 error     <https://github.com/npm/npm/issues>
12 verbose exit [ 1, true ]
